<?xml version="1.0" encoding="UTF-8"?>
<!-- Generated by org.testng.reporters.JUnitReportReporter -->
<testsuite hostname="DESKTOP-BNA31C7" failures="0" tests="1" name="tests.LoginTest" time="5.551" errors="0" timestamp="2024-09-16T18:06:48 IST" skipped="0">
  <testcase classname="tests.LoginTest" name="testlogin" time="5.551"/>
  <system-out/>
</testsuite> <!-- tests.LoginTest -->
